end_work/MemoLedger/app/build/intermediates/manifest_merge_blame_file/debug/manifest-merger-blame-debug-report.txt
1<?xml version="1.0" encoding="utf-8"?>
2<manifest xmlns:android="http://schemas.android.com/apk/res/android"
3    package="com.example.memoledger"
4    android:versionCode="1"
5    android:versionName="1.0" >
6
7    <uses-sdk
8        android:minSdkVersion="21"
8-->src\main\AndroidManifest.xml
9        android:targetSdkVersion="32" />
9-->src\main\AndroidManifest.xml
10
11    <application
11-->src\main\AndroidManifest.xml:6:5-49:19
12        android:allowBackup="true"
12-->src\main\AndroidManifest.xml:7:9-35
13        android:appComponentFactory="androidx.core.app.CoreComponentFactory"
13-->[androidx.core:core:1.5.0] AndroidManifest.xml:24:18-86
14        android:dataExtractionRules="@xml/data_extraction_rules"
14-->src\main\AndroidManifest.xml:8:9-65
15        android:debuggable="true"
16        android:fullBackupContent="@xml/backup_rules"
16-->src\main\AndroidManifest.xml:9:9-54
17        android:icon="@drawable/start_logo"
17-->src\main\AndroidManifest.xml:10:9-44
18        android:label="@string/app_name"
18-->src\main\AndroidManifest.xml:11:9-41
19        android:supportsRtl="true"
19-->src\main\AndroidManifest.xml:12:9-35
20        android:testOnly="true"
21        android:theme="@style/Theme.memoledger" >
21-->src\main\AndroidManifest.xml:13:9-48
22        <activity
22-->src\main\AndroidManifest.xml:15:9-17:40
23            android:name="com.example.memoledger.HomepageActivity"
23-->src\main\AndroidManifest.xml:16:13-67
24            android:exported="false" />
24-->src\main\AndroidManifest.xml:17:13-37
25        <activity
25-->src\main\AndroidManifest.xml:18:9-20:38
26            android:name="com.example.memoledger.PersonalInformation"
26-->src\main\AndroidManifest.xml:19:13-70
27            android:exported="true" />
27-->src\main\AndroidManifest.xml:20:13-36
28        <activity
28-->src\main\AndroidManifest.xml:21:9-23:38
29            android:name="com.example.memoledger.ChangePassword"
29-->src\main\AndroidManifest.xml:22:13-65
30            android:exported="true" />
30-->src\main\AndroidManifest.xml:23:13-36
31        <activity
31-->src\main\AndroidManifest.xml:24:9-26:40
32            android:name="com.example.memoledger.ManageActivity"
32-->src\main\AndroidManifest.xml:25:13-65
33            android:exported="false" />
33-->src\main\AndroidManifest.xml:26:13-37
34        <activity
34-->src\main\AndroidManifest.xml:27:9-29:39
35            android:name="com.example.memoledger.RegisterActivity"
35-->src\main\AndroidManifest.xml:28:13-67
36            android:exported="true" />
36-->src\main\AndroidManifest.xml:29:13-36
37        <activity
37-->src\main\AndroidManifest.xml:30:9-32:39
38            android:name="com.example.memoledger.RecordActivity"
38-->src\main\AndroidManifest.xml:31:13-65
39            android:exported="true" />
39-->src\main\AndroidManifest.xml:32:13-36
40        <activity
40-->src\main\AndroidManifest.xml:33:9-35:39
41            android:name="com.example.memoledger.SearchRecordActivity"
41-->src\main\AndroidManifest.xml:34:13-71
42            android:exported="true" />
42-->src\main\AndroidManifest.xml:35:13-36
43        <activity
43-->src\main\AndroidManifest.xml:36:9-38:39
44            android:name="com.example.memoledger.NotebookActivity"
44-->src\main\AndroidManifest.xml:37:13-67
45            android:exported="true" />
45-->src\main\AndroidManifest.xml:38:13-36
46        <activity
46-->src\main\AndroidManifest.xml:39:9-48:20
47            android:name="com.example.memoledger.LoginActivity"
47-->src\main\AndroidManifest.xml:40:13-64
48            android:exported="true" >
48-->src\main\AndroidManifest.xml:41:13-36
49            <intent-filter>
49-->src\main\AndroidManifest.xml:43:13-47:29
50                <action android:name="android.intent.action.MAIN" />
50-->src\main\AndroidManifest.xml:44:17-69
50-->src\main\AndroidManifest.xml:44:25-66
51
52                <category android:name="android.intent.category.LAUNCHER" />
52-->src\main\AndroidManifest.xml:46:17-77
52-->src\main\AndroidManifest.xml:46:27-74
53            </intent-filter>
54        </activity>
55    </application>
56
57</manifest>